[
  {
    "EventRecordID": "1003",
    "EventID": "4689",
    "TimeCreated": "2026-04-16T05:54:37",
    "Channel": "Security",
    "Computer": "FILESERVER-02",
    "Domain": "ACME",
    "EventData": "{\"SubjectUserName\": \"mwilson\", \"SubjectDomainName\": \"ACME\", \"ProcessName\": \"C:\\\\Windows\\\\System32\\\\mshta.exe\", \"ProcessId\": \"25741\"}",
    "User": "mwilson"
  },
  {
    "EventRecordID": "32208",
    "EventID": "3",
    "TimeCreated": "2026-04-16T18:37:06",
    "Channel": "Microsoft-Windows-Sysmon/Operational",
    "CommandLine": "svchost.exe -k netsvcs -p -s Schedule",
    "Computer": "alice.insecurebank.local",
    "DestinationHostname": "DC1",
    "DestinationIp": "10.59.4.11",
    "DestinationIsIpv6": "False",
    "DestinationPort": "389",
    "DestinationPortName": "ldap",
    "Image": "C:\\Windows\\System32\\svchost.exe",
    "Initiated": "True",
    "Keywords": "0x8000000000000000",
    "Level": "4",
    "Opcode": "0",
    "ProcessGuid": "{ecad0485-f2ec-5cda-0000-0010f1631500}",
    "ProcessId": "4092",
    "Protocol": "tcp",
    "SourceHostname": "alice.insecurebank.local",
    "SourceIp": "10.59.4.20",
    "SourceIsIpv6": "False",
    "SourcePort": "49583",
    "Task": "3",
    "User": "insecurebank\\Administrator",
    "UtcTime": "2019-05-14 17:17:24.597",
    "Version": "5"
  },
  {
    "EventRecordID": "1001",
    "EventID": "1000",
    "TimeCreated": "2026-04-16T08:39:49",
    "Channel": "Application",
    "Computer": "WORKSTATION-01",
    "Domain": "WORKGROUP",
    "EventData": "{\"SubjectUserName\": \"svc_backup\", \"SubjectDomainName\": \"WORKGROUP\", \"ProcessName\": \"C:\\\\Windows\\\\System32\\\\mshta.exe\", \"ProcessId\": \"18532\"}",
    "User": "svc_backup"
  },
  {
    "EventRecordID": "1004",
    "EventID": "4624",
    "TimeCreated": "2026-04-15T21:17:10",
    "Channel": "Security",
    "Computer": "FILESERVER-02",
    "Domain": "CORP",
    "EventData": "{\"SubjectUserSid\": \"S-1-5-21-1215445745-986030874-429460028-8970\", \"SubjectUserName\": \"administrator\", \"SubjectDomainName\": \"CORP\", \"TargetUserName\": \"svc_backup\", \"TargetDomainName\": \"CORP\", \"LogonType\": \"2\", \"ProcessName\": \"C:\\\\Users\\\\Public\\\\malware.exe\", \"IpAddress\": \"45.33.32.156\", \"IpPort\": \"80\"}",
    "User": "administrator"
  },
  {
    "EventRecordID": "1000",
    "EventID": "4688",
    "TimeCreated": "2026-04-15T20:19:04",
    "Channel": "Security",
    "Computer": "DC-CORP-01",
    "Domain": "CORP",
    "EventData": "{\"SubjectUserName\": \"adavis\", \"SubjectDomainName\": \"CORP\", \"NewProcessName\": \"C:\\\\Program Files\\\\SomeApp\\\\app.exe\", \"NewProcessId\": \"0x8c3f\", \"ParentProcessName\": \"C:\\\\Windows\\\\System32\\\\services.exe\", \"CommandLine\": \"C:\\\\Program Files\\\\SomeApp\\\\app.exe -ExecutionPolicy Bypass -File C:\\\\temp\\\\script.ps1\", \"TokenElevationType\": \"%%1937\"}",
    "User": "adavis"
  },
  {
    "EventRecordID": "1002",
    "EventID": "4688",
    "TimeCreated": "2026-04-15T23:17:13",
    "Channel": "Security",
    "Computer": "LAPTOP-HR-05",
    "Domain": "ACME",
    "EventData": "{\"SubjectUserName\": \"svc_backup\", \"SubjectDomainName\": \"ACME\", \"NewProcessName\": \"C:\\\\Windows\\\\System32\\\\mshta.exe\", \"NewProcessId\": \"0xd632\", \"ParentProcessName\": \"C:\\\\Windows\\\\System32\\\\services.exe\", \"CommandLine\": \"C:\\\\Windows\\\\System32\\\\mshta.exe -ExecutionPolicy Bypass -File C:\\\\temp\\\\script.ps1\", \"TokenElevationType\": \"%%1937\"}",
    "User": "svc_backup"
  },
  {
    "Provider": null,
    "EventID": "3",
    "Version": "5",
    "Level": "4",
    "Task": "3",
    "Opcode": "0",
    "Keywords": "0x8000000000000000",
    "TimeCreated": "2019-05-14 17:17:26.440651+00:00",
    "EventRecordID": "32008",
    "Correlation": null,
    "Execution": null,
    "Channel": "Microsoft-Windows-Sysmon/Operational",
    "Computer": "alice.insecurebank.local",
    "Security": null,
    "RuleName": null,
    "UtcTime": "2019-05-14 17:17:24.597",
    "ProcessGuid": "{ecad0485-f2ec-5cda-0000-0010f1631500}",
    "ProcessId": "4092",
    "Image": "C:\\Windows\\System32\\WindowsPowerShell\\v1.0\\powershell.exe",
    "User": "insecurebank\\Administrator",
    "Protocol": "tcp",
    "Initiated": "True",
    "SourceIsIpv6": "False",
    "SourceIp": "10.59.4.20",
    "SourceHostname": "alice.insecurebank.local",
    "SourcePort": "49583",
    "SourcePortName": null,
    "DestinationIsIpv6": "False",
    "DestinationIp": "10.59.4.11",
    "DestinationHostname": "DC1",
    "DestinationPort": "389",
    "DestinationPortName": "ldap"
  }
]